<?xml version="1.0" encoding="UTF-8"?>
<!-- Generated by org.testng.reporters.JUnitXMLReporter -->
<testsuite hostname="CPU232" ignored="3" name="createAdmin" tests="9" failures="0" timestamp="23 Sep 2019 06:00:31 GMT" time="151.571" errors="0">
  <testcase name="Login" time="0.047" classname="Scripts.LoginCAAdmin_Script"/>
  <testcase name="Login" time="0.0" classname="Scripts.LoginCAAdmin_Script"/>
  <testcase name="Login" time="0.0" classname="Scripts.LoginCAAdmin_Script"/>
  <testcase name="Login" time="0.0" classname="Scripts.LoginCAAdmin_Script"/>
  <testcase name="Login" time="4.513" classname="Scripts.LoginCAAdmin_Script"/>
  <testcase name="roleMngnt" time="5.206" classname="Scripts.CreateAdmin_Script"/>
  <testcase name="crteAdmin" time="27.189" classname="Scripts.CreateAdmin_Script"/>
  <testcase name="crteAdmin" time="27.054" classname="Scripts.CreateAdmin_Script"/>
  <testcase name="crteAdmin" time="80.391" classname="Scripts.CreateAdmin_Script"/>
  <testcase name="@BeforeSuite createreport" time="0.0" classname="Generic_Library.Basefunctions">
    <ignored/>
  </testcase> <!-- @BeforeSuite createreport -->
  <testcase name="@BeforeTest launch" time="0.0" classname="Generic_Library.Basefunctions">
    <ignored/>
  </testcase> <!-- @BeforeTest launch -->
  <testcase name="@AfterTest closeapp" time="0.0" classname="Generic_Library.Basefunctions">
    <ignored/>
  </testcase> <!-- @AfterTest closeapp -->
</testsuite> <!-- createAdmin -->
